<?xml version="1.0" encoding="UTF-8"?>
<!-- Generated by org.testng.reporters.JUnitReportReporter -->
<testsuite hostname="LAPTOP-QMVBMSNB" failures="0" tests="3" name="com.Demo.Manager_Login" time="30.640" errors="0" timestamp="2023-11-27T22:51:37 IST" skipped="0">
  <testcase classname="com.Demo.Manager_Login" name="loginPage" time="2.271"/>
  <testcase classname="com.Demo.Manager_Login" name="addCurrency" time="6.024"/>
  <testcase classname="com.Demo.Manager_Login" name="loginPage_02" time="22.345"/>
  <system-out>
    <![CDATA[loginPageexecution is pass
loginPageexecution is pass
addCurrencyexecution is pass
loginPage_02execution is pass]]>
  </system-out>
</testsuite> <!-- com.Demo.Manager_Login -->
