<?xml version="1.0" encoding="UTF-8"?>
<!-- Generated by org.testng.reporters.JUnitReportReporter -->
<testsuite hostname="LAPTOP-QMVBMSNB" failures="0" tests="1" name="com.Demo.Custmer_login" time="3.714" errors="0" timestamp="2023-11-27T22:51:37 IST" skipped="0">
  <testcase classname="com.Demo.Custmer_login" name="loginPage" time="3.714"/>
  <system-out>
    <![CDATA[loginPageexecution is pass
loginPageexecution is pass
addCurrencyexecution is pass
loginPage_02execution is pass]]>
  </system-out>
</testsuite> <!-- com.Demo.Custmer_login -->
